<?xml version="1.0" encoding="UTF-8"?>
<testsuite xmlns:xsi="http://www.w3.org/2001/XMLSchema-instance" xsi:noNamespaceSchemaLocation="https://maven.apache.org/surefire/maven-surefire-plugin/xsd/surefire-test-report-3.0.xsd" version="3.0" name="org.apache.hadoop.hbase.zookeeper.TestZKUtilNoServer" time="1.43" tests="5" errors="0" skipped="0" failures="0">
  <properties>
[...]
</properties>
  <testcase name="testCreateACLWithSameUser" classname="org.apache.hadoop.hbase.zookeeper.TestZKUtilNoServer" time="0.382"/>
  <testcase name="testInterruptedDuringAction" classname="org.apache.hadoop.hbase.zookeeper.TestZKUtilNoServer" time="0.813"/>
  <testcase name="testUnsecure" classname="org.apache.hadoop.hbase.zookeeper.TestZKUtilNoServer" time="0.045"/>
  <testcase name="testCreateACL" classname="org.apache.hadoop.hbase.zookeeper.TestZKUtilNoServer" time="0.037"/>
  <testcase name="testSecuritySingleSuperuser" classname="org.apache.hadoop.hbase.zookeeper.TestZKUtilNoServer" time="0.039"/>
</testsuite>